C:\USERS\CNLAB\DESKTOP\11_26_00시 최종본\DEBUG\TEAM18.EXE
C:\USERS\CNLAB\DESKTOP\11_26_00시 최종본\DEBUG\TEAM18.ILK
C:\USERS\CNLAB\DESKTOP\11_26_00시 최종본\DEBUG\TEAM18.PDB
C:\USERS\CNLAB\DESKTOP\11_26_00시 최종본\MULMITEST02\DEBUG\BLOBLABELING.OBJ
C:\Users\cnlab\Desktop\11_26_00시 최종본\Mulmitest02\Debug\cl.command.1.tlog
C:\Users\cnlab\Desktop\11_26_00시 최종본\Mulmitest02\Debug\CL.read.1.tlog
C:\Users\cnlab\Desktop\11_26_00시 최종본\Mulmitest02\Debug\CL.write.1.tlog
C:\Users\cnlab\Desktop\11_26_00시 최종본\Mulmitest02\Debug\link.command.1.tlog
C:\Users\cnlab\Desktop\11_26_00시 최종본\Mulmitest02\Debug\link.read.1.tlog
C:\Users\cnlab\Desktop\11_26_00시 최종본\Mulmitest02\Debug\link.write.1.tlog
C:\Users\cnlab\Desktop\11_26_00시 최종본\Mulmitest02\Debug\link-cvtres.read.1.tlog
C:\Users\cnlab\Desktop\11_26_00시 최종본\Mulmitest02\Debug\link-cvtres.write.1.tlog
C:\Users\cnlab\Desktop\11_26_00시 최종본\Mulmitest02\Debug\mt.command.1.tlog
C:\Users\cnlab\Desktop\11_26_00시 최종본\Mulmitest02\Debug\mt.read.1.tlog
C:\Users\cnlab\Desktop\11_26_00시 최종본\Mulmitest02\Debug\mt.write.1.tlog
C:\Users\cnlab\Desktop\11_26_00시 최종본\Mulmitest02\Debug\rc.command.1.tlog
C:\Users\cnlab\Desktop\11_26_00시 최종본\Mulmitest02\Debug\rc.read.1.tlog
C:\Users\cnlab\Desktop\11_26_00시 최종본\Mulmitest02\Debug\rc.write.1.tlog
C:\USERS\CNLAB\DESKTOP\11_26_00시 최종본\MULMITEST02\DEBUG\STDAFX.OBJ
C:\USERS\CNLAB\DESKTOP\11_26_00시 최종본\MULMITEST02\DEBUG\TEAM18.EXE.EMBED.MANIFEST
C:\USERS\CNLAB\DESKTOP\11_26_00시 최종본\MULMITEST02\DEBUG\TEAM18.EXE.EMBED.MANIFEST.RES
C:\USERS\CNLAB\DESKTOP\11_26_00시 최종본\MULMITEST02\DEBUG\TEAM18.EXE.INTERMEDIATE.MANIFEST
C:\USERS\CNLAB\DESKTOP\11_26_00시 최종본\MULMITEST02\DEBUG\TEAM18.OBJ
C:\USERS\CNLAB\DESKTOP\11_26_00시 최종본\MULMITEST02\DEBUG\TEAM18.PCH
C:\USERS\CNLAB\DESKTOP\11_26_00시 최종본\MULMITEST02\DEBUG\TEAM18.RES
C:\Users\cnlab\Desktop\11_26_00시 최종본\Mulmitest02\Debug\Team18.write.1.tlog
C:\Users\cnlab\Desktop\11_26_00시 최종본\Mulmitest02\Debug\Team18_manifest.rc
C:\USERS\CNLAB\DESKTOP\11_26_00시 최종본\MULMITEST02\DEBUG\TEAM18DLG.OBJ
C:\Users\cnlab\Desktop\11_26_00시 최종본\Mulmitest02\Debug\vc100.idb
C:\USERS\CNLAB\DESKTOP\11_26_00시 최종본\MULMITEST02\DEBUG\VC100.PDB
