빌드 시작: 2014-12-04 오후 5:49:34
     1>2 노드의 "C:\Users\cnlab\Desktop\CAU\3-2\영상처리\Term_Project\Team18_i.n_20124170_Src\Team18\Team18.vcxproj" 프로젝트(build 대상)입니다.
     1>InitializeBuildStatus:
         "AlwaysCreate"이(가) 지정되었기 때문에 "Debug\Team18.unsuccessfulbuild"을(를) 만들고 있습니다.
       ClCompile:
         모든 출력이 최신 상태입니다.
         모든 출력이 최신 상태입니다.
       ResourceCompile:
         모든 출력이 최신 상태입니다.
       ManifestResourceCompile:
         모든 출력이 최신 상태입니다.
       Link:
         모든 출력이 최신 상태입니다.
       Manifest:
         C:\Program Files (x86)\Microsoft SDKs\Windows\v7.0A\bin\mt.exe /nologo /verbose /out:"Debug\Team18.exe.embed.manifest" /manifest Debug\Team18.exe.intermediate.manifest "C:\Program Files (x86)\Microsoft Visual Studio 10.0\VC\Include\Manifest\dpiaware.manifest"
         모든 출력이 최신 상태입니다.
       FinalizeBuildStatus:
         "Debug\Team18.unsuccessfulbuild" 파일을 삭제하고 있습니다.
         "Debug\Team18.lastbuildstate"에 연결(touching)하고 있습니다.
     1>"C:\Users\cnlab\Desktop\CAU\3-2\영상처리\Term_Project\Team18_i.n_20124170_Src\Team18\Team18.vcxproj" 프로젝트를 빌드했습니다(build 대상).

빌드했습니다.

경과 시간: 00:00:00.13
